<?xml version="1.0" encoding="UTF-8"?>
<!-- Generated by org.testng.reporters.JUnitReportReporter -->
<testsuite hostname="RAMESH_KUSUMA" failures="0" tests="2" name="com.Test.Test2" time="0.016" errors="0" timestamp="2022-11-03T20:30:07 IST" skipped="0">
  <testcase classname="com.Test.Test2" name="HappyPath" time="0.013"/>
  <system-out/>
  <testcase classname="com.Test.Test2" name="scenario2" time="0.003"/>
  <system-out/>
</testsuite> <!-- com.Test.Test2 -->
